1740668439.425959 client started (17068): version 3.5a, socket /tmp/tmux-1000/default, protocol 8
1740668439.425977 on Linux 6.11.6-arch1-1 #1 SMP PREEMPT_DYNAMIC Fri, 01 Nov 2024 03:30:41 +0000
1740668439.425979 using libevent 2.1.12-stable poll
1740668439.425981 using ncurses 6.5 20240427
1740668439.425989 flags are 0x10000
1740668439.425997 socket is /tmp/tmux-1000/default
1740668439.426005 trying connect
1740668439.426050 add peer 0x639310345d60: 6 ((nil))
1740668439.426250 sending message 111 to peer 0x639310345d60 (8 bytes)
1740668439.426253 sending message 111 to peer 0x639310345d60 (8 bytes)
1740668439.426255 sending message 101 to peer 0x639310345d60 (14 bytes)
1740668439.426256 sending message 109 to peer 0x639310345d60 (4 bytes)
1740668439.426258 sending message 102 to peer 0x639310345d60 (11 bytes)
1740668439.426260 sending message 108 to peer 0x639310345d60 (31 bytes)
1740668439.426261 sending message 112 to peer 0x639310345d60 (70 bytes)
1740668439.426263 sending message 112 to peer 0x639310345d60 (5 bytes)
1740668439.426265 sending message 112 to peer 0x639310345d60 (5 bytes)
1740668439.426267 sending message 112 to peer 0x639310345d60 (6 bytes)
1740668439.426268 sending message 112 to peer 0x639310345d60 (6 bytes)
1740668439.426270 sending message 112 to peer 0x639310345d60 (11 bytes)
1740668439.426272 sending message 112 to peer 0x639310345d60 (10 bytes)
1740668439.426273 sending message 112 to peer 0x639310345d60 (13 bytes)
1740668439.426275 sending message 112 to peer 0x639310345d60 (13 bytes)
1740668439.426277 sending message 112 to peer 0x639310345d60 (18 bytes)
1740668439.426278 sending message 112 to peer 0x639310345d60 (11 bytes)
1740668439.426280 sending message 112 to peer 0x639310345d60 (10 bytes)
1740668439.426282 sending message 112 to peer 0x639310345d60 (15 bytes)
1740668439.426283 sending message 112 to peer 0x639310345d60 (21 bytes)
1740668439.426285 sending message 112 to peer 0x639310345d60 (13 bytes)
1740668439.426287 sending message 112 to peer 0x639310345d60 (7 bytes)
1740668439.426288 sending message 112 to peer 0x639310345d60 (13 bytes)
1740668439.426290 sending message 112 to peer 0x639310345d60 (7 bytes)
1740668439.426292 sending message 112 to peer 0x639310345d60 (13 bytes)
1740668439.426293 sending message 112 to peer 0x639310345d60 (9 bytes)
1740668439.426295 sending message 112 to peer 0x639310345d60 (21 bytes)
1740668439.426297 sending message 112 to peer 0x639310345d60 (13 bytes)
1740668439.426298 sending message 112 to peer 0x639310345d60 (8 bytes)
1740668439.426300 sending message 112 to peer 0x639310345d60 (12 bytes)
1740668439.426302 sending message 112 to peer 0x639310345d60 (13 bytes)
1740668439.426303 sending message 112 to peer 0x639310345d60 (9 bytes)
1740668439.426305 sending message 112 to peer 0x639310345d60 (9 bytes)
1740668439.426307 sending message 112 to peer 0x639310345d60 (12 bytes)
1740668439.426308 sending message 112 to peer 0x639310345d60 (8 bytes)
1740668439.426310 sending message 112 to peer 0x639310345d60 (8 bytes)
1740668439.426312 sending message 112 to peer 0x639310345d60 (7 bytes)
1740668439.426313 sending message 112 to peer 0x639310345d60 (7 bytes)
1740668439.426315 sending message 112 to peer 0x639310345d60 (9 bytes)
1740668439.426317 sending message 112 to peer 0x639310345d60 (13 bytes)
1740668439.426318 sending message 112 to peer 0x639310345d60 (6 bytes)
1740668439.426320 sending message 112 to peer 0x639310345d60 (9 bytes)
1740668439.426322 sending message 112 to peer 0x639310345d60 (15 bytes)
1740668439.426323 sending message 112 to peer 0x639310345d60 (13 bytes)
1740668439.426325 sending message 112 to peer 0x639310345d60 (12 bytes)
1740668439.426327 sending message 112 to peer 0x639310345d60 (8 bytes)
1740668439.426329 sending message 112 to peer 0x639310345d60 (14 bytes)
1740668439.426330 sending message 112 to peer 0x639310345d60 (11 bytes)
1740668439.426332 sending message 112 to peer 0x639310345d60 (9 bytes)
1740668439.426334 sending message 112 to peer 0x639310345d60 (10 bytes)
1740668439.426335 sending message 112 to peer 0x639310345d60 (10 bytes)
1740668439.426341 sending message 112 to peer 0x639310345d60 (10 bytes)
1740668439.426343 sending message 112 to peer 0x639310345d60 (10 bytes)
1740668439.426344 sending message 112 to peer 0x639310345d60 (11 bytes)
1740668439.426346 sending message 112 to peer 0x639310345d60 (12 bytes)
1740668439.426348 sending message 112 to peer 0x639310345d60 (12 bytes)
1740668439.426349 sending message 112 to peer 0x639310345d60 (12 bytes)
1740668439.426351 sending message 112 to peer 0x639310345d60 (12 bytes)
1740668439.426353 sending message 112 to peer 0x639310345d60 (12 bytes)
1740668439.426354 sending message 112 to peer 0x639310345d60 (11 bytes)
1740668439.426356 sending message 112 to peer 0x639310345d60 (11 bytes)
1740668439.426358 sending message 112 to peer 0x639310345d60 (12 bytes)
1740668439.426359 sending message 112 to peer 0x639310345d60 (12 bytes)
1740668439.426361 sending message 112 to peer 0x639310345d60 (12 bytes)
1740668439.426363 sending message 112 to peer 0x639310345d60 (12 bytes)
1740668439.426364 sending message 112 to peer 0x639310345d60 (12 bytes)
1740668439.426366 sending message 112 to peer 0x639310345d60 (10 bytes)
1740668439.426368 sending message 112 to peer 0x639310345d60 (12 bytes)
1740668439.426369 sending message 112 to peer 0x639310345d60 (13 bytes)
1740668439.426371 sending message 112 to peer 0x639310345d60 (13 bytes)
1740668439.426372 sending message 112 to peer 0x639310345d60 (13 bytes)
1740668439.426374 sending message 112 to peer 0x639310345d60 (13 bytes)
1740668439.426376 sending message 112 to peer 0x639310345d60 (13 bytes)
1740668439.426377 sending message 112 to peer 0x639310345d60 (8 bytes)
1740668439.426379 sending message 112 to peer 0x639310345d60 (11 bytes)
1740668439.426381 sending message 112 to peer 0x639310345d60 (11 bytes)
1740668439.426382 sending message 112 to peer 0x639310345d60 (11 bytes)
1740668439.426384 sending message 112 to peer 0x639310345d60 (12 bytes)
1740668439.426386 sending message 112 to peer 0x639310345d60 (12 bytes)
1740668439.426387 sending message 112 to peer 0x639310345d60 (12 bytes)
1740668439.426389 sending message 112 to peer 0x639310345d60 (12 bytes)
1740668439.426391 sending message 112 to peer 0x639310345d60 (13 bytes)
1740668439.426392 sending message 112 to peer 0x639310345d60 (13 bytes)
1740668439.426394 sending message 112 to peer 0x639310345d60 (13 bytes)
1740668439.426396 sending message 112 to peer 0x639310345d60 (8 bytes)
1740668439.426397 sending message 112 to peer 0x639310345d60 (13 bytes)
1740668439.426399 sending message 112 to peer 0x639310345d60 (13 bytes)
1740668439.426401 sending message 112 to peer 0x639310345d60 (13 bytes)
1740668439.426403 sending message 112 to peer 0x639310345d60 (13 bytes)
1740668439.426404 sending message 112 to peer 0x639310345d60 (13 bytes)
1740668439.426406 sending message 112 to peer 0x639310345d60 (12 bytes)
1740668439.426408 sending message 112 to peer 0x639310345d60 (12 bytes)
1740668439.426409 sending message 112 to peer 0x639310345d60 (12 bytes)
1740668439.426411 sending message 112 to peer 0x639310345d60 (12 bytes)
1740668439.426412 sending message 112 to peer 0x639310345d60 (13 bytes)
1740668439.426414 sending message 112 to peer 0x639310345d60 (8 bytes)
1740668439.426416 sending message 112 to peer 0x639310345d60 (13 bytes)
1740668439.426417 sending message 112 to peer 0x639310345d60 (13 bytes)
1740668439.426419 sending message 112 to peer 0x639310345d60 (13 bytes)
1740668439.426421 sending message 112 to peer 0x639310345d60 (13 bytes)
1740668439.426422 sending message 112 to peer 0x639310345d60 (13 bytes)
1740668439.426424 sending message 112 to peer 0x639310345d60 (13 bytes)
1740668439.426426 sending message 112 to peer 0x639310345d60 (13 bytes)
1740668439.426427 sending message 112 to peer 0x639310345d60 (12 bytes)
1740668439.426429 sending message 112 to peer 0x639310345d60 (12 bytes)
1740668439.426431 sending message 112 to peer 0x639310345d60 (12 bytes)
1740668439.426432 sending message 112 to peer 0x639310345d60 (8 bytes)
1740668439.426434 sending message 112 to peer 0x639310345d60 (12 bytes)
1740668439.426438 sending message 112 to peer 0x639310345d60 (13 bytes)
1740668439.426440 sending message 112 to peer 0x639310345d60 (13 bytes)
1740668439.426441 sending message 112 to peer 0x639310345d60 (13 bytes)
1740668439.426443 sending message 112 to peer 0x639310345d60 (13 bytes)
1740668439.426445 sending message 112 to peer 0x639310345d60 (13 bytes)
1740668439.426446 sending message 112 to peer 0x639310345d60 (13 bytes)
1740668439.426448 sending message 112 to peer 0x639310345d60 (13 bytes)
1740668439.426450 sending message 112 to peer 0x639310345d60 (13 bytes)
1740668439.426451 sending message 112 to peer 0x639310345d60 (12 bytes)
1740668439.426453 sending message 112 to peer 0x639310345d60 (10 bytes)
1740668439.426455 sending message 112 to peer 0x639310345d60 (12 bytes)
1740668439.426456 sending message 112 to peer 0x639310345d60 (12 bytes)
1740668439.426458 sending message 112 to peer 0x639310345d60 (12 bytes)
1740668439.426460 sending message 112 to peer 0x639310345d60 (13 bytes)
1740668439.426461 sending message 112 to peer 0x639310345d60 (13 bytes)
1740668439.426463 sending message 112 to peer 0x639310345d60 (13 bytes)
1740668439.426465 sending message 112 to peer 0x639310345d60 (13 bytes)
1740668439.426466 sending message 112 to peer 0x639310345d60 (13 bytes)
1740668439.426468 sending message 112 to peer 0x639310345d60 (13 bytes)
1740668439.426470 sending message 112 to peer 0x639310345d60 (13 bytes)
1740668439.426471 sending message 112 to peer 0x639310345d60 (10 bytes)
1740668439.426473 sending message 112 to peer 0x639310345d60 (13 bytes)
1740668439.426475 sending message 112 to peer 0x639310345d60 (12 bytes)
1740668439.426476 sending message 112 to peer 0x639310345d60 (12 bytes)
1740668439.426478 sending message 112 to peer 0x639310345d60 (12 bytes)
1740668439.426480 sending message 112 to peer 0x639310345d60 (10 bytes)
1740668439.426481 sending message 112 to peer 0x639310345d60 (10 bytes)
1740668439.426483 sending message 112 to peer 0x639310345d60 (10 bytes)
1740668439.426485 sending message 112 to peer 0x639310345d60 (12 bytes)
1740668439.426486 sending message 112 to peer 0x639310345d60 (13 bytes)
1740668439.426488 sending message 112 to peer 0x639310345d60 (13 bytes)
1740668439.426490 sending message 112 to peer 0x639310345d60 (13 bytes)
1740668439.426491 sending message 112 to peer 0x639310345d60 (13 bytes)
1740668439.426493 sending message 112 to peer 0x639310345d60 (13 bytes)
1740668439.426495 sending message 112 to peer 0x639310345d60 (11 bytes)
1740668439.426496 sending message 112 to peer 0x639310345d60 (11 bytes)
1740668439.426498 sending message 112 to peer 0x639310345d60 (12 bytes)
1740668439.426500 sending message 112 to peer 0x639310345d60 (12 bytes)
1740668439.426501 sending message 112 to peer 0x639310345d60 (12 bytes)
1740668439.426503 sending message 112 to peer 0x639310345d60 (12 bytes)
1740668439.426505 sending message 112 to peer 0x639310345d60 (12 bytes)
1740668439.426506 sending message 112 to peer 0x639310345d60 (11 bytes)
1740668439.426508 sending message 112 to peer 0x639310345d60 (12 bytes)
1740668439.426510 sending message 112 to peer 0x639310345d60 (12 bytes)
1740668439.426511 sending message 112 to peer 0x639310345d60 (13 bytes)
1740668439.426513 sending message 112 to peer 0x639310345d60 (13 bytes)
1740668439.426514 sending message 112 to peer 0x639310345d60 (13 bytes)
1740668439.426516 sending message 112 to peer 0x639310345d60 (13 bytes)
1740668439.426518 sending message 112 to peer 0x639310345d60 (13 bytes)
1740668439.426519 sending message 112 to peer 0x639310345d60 (10 bytes)
1740668439.426521 sending message 112 to peer 0x639310345d60 (9 bytes)
1740668439.426523 sending message 112 to peer 0x639310345d60 (12 bytes)
1740668439.426524 sending message 112 to peer 0x639310345d60 (13 bytes)
1740668439.426526 sending message 112 to peer 0x639310345d60 (13 bytes)
1740668439.426528 sending message 112 to peer 0x639310345d60 (13 bytes)
1740668439.426529 sending message 112 to peer 0x639310345d60 (13 bytes)
1740668439.426531 sending message 112 to peer 0x639310345d60 (13 bytes)
1740668439.426535 sending message 112 to peer 0x639310345d60 (9 bytes)
1740668439.426537 sending message 112 to peer 0x639310345d60 (12 bytes)
1740668439.426538 sending message 112 to peer 0x639310345d60 (13 bytes)
1740668439.426540 sending message 112 to peer 0x639310345d60 (13 bytes)
1740668439.426542 sending message 112 to peer 0x639310345d60 (13 bytes)
1740668439.426543 sending message 112 to peer 0x639310345d60 (13 bytes)
1740668439.426545 sending message 112 to peer 0x639310345d60 (13 bytes)
1740668439.426547 sending message 112 to peer 0x639310345d60 (11 bytes)
1740668439.426548 sending message 112 to peer 0x639310345d60 (12 bytes)
1740668439.426550 sending message 112 to peer 0x639310345d60 (13 bytes)
1740668439.426552 sending message 112 to peer 0x639310345d60 (13 bytes)
1740668439.426553 sending message 112 to peer 0x639310345d60 (13 bytes)
1740668439.426555 sending message 112 to peer 0x639310345d60 (13 bytes)
1740668439.426557 sending message 112 to peer 0x639310345d60 (13 bytes)
1740668439.426558 sending message 112 to peer 0x639310345d60 (11 bytes)
1740668439.426560 sending message 112 to peer 0x639310345d60 (12 bytes)
1740668439.426562 sending message 112 to peer 0x639310345d60 (12 bytes)
1740668439.426563 sending message 112 to peer 0x639310345d60 (12 bytes)
1740668439.426565 sending message 112 to peer 0x639310345d60 (12 bytes)
1740668439.426567 sending message 112 to peer 0x639310345d60 (12 bytes)
1740668439.426569 sending message 112 to peer 0x639310345d60 (21 bytes)
1740668439.426570 sending message 112 to peer 0x639310345d60 (12 bytes)
1740668439.426572 sending message 112 to peer 0x639310345d60 (9 bytes)
1740668439.426574 sending message 112 to peer 0x639310345d60 (6 bytes)
1740668439.426575 sending message 112 to peer 0x639310345d60 (13 bytes)
1740668439.426577 sending message 112 to peer 0x639310345d60 (8 bytes)
1740668439.426579 sending message 112 to peer 0x639310345d60 (15 bytes)
1740668439.426581 sending message 112 to peer 0x639310345d60 (13 bytes)
1740668439.426582 sending message 112 to peer 0x639310345d60 (9 bytes)
1740668439.426584 sending message 112 to peer 0x639310345d60 (70 bytes)
1740668439.426586 sending message 112 to peer 0x639310345d60 (69 bytes)
1740668439.426588 sending message 112 to peer 0x639310345d60 (10 bytes)
1740668439.426589 sending message 112 to peer 0x639310345d60 (10 bytes)
1740668439.426591 sending message 112 to peer 0x639310345d60 (8 bytes)
1740668439.426593 sending message 112 to peer 0x639310345d60 (15 bytes)
1740668439.426594 sending message 112 to peer 0x639310345d60 (13 bytes)
1740668439.426596 sending message 112 to peer 0x639310345d60 (10 bytes)
1740668439.426598 sending message 112 to peer 0x639310345d60 (10 bytes)
1740668439.426600 sending message 112 to peer 0x639310345d60 (17 bytes)
1740668439.426601 sending message 112 to peer 0x639310345d60 (10 bytes)
1740668439.426603 sending message 112 to peer 0x639310345d60 (13 bytes)
1740668439.426605 sending message 112 to peer 0x639310345d60 (9 bytes)
1740668439.426606 sending message 112 to peer 0x639310345d60 (5 bytes)
1740668439.426608 sending message 112 to peer 0x639310345d60 (15 bytes)
1740668439.426610 sending message 104 to peer 0x639310345d60 (0 bytes)
1740668439.426612 sending message 110 to peer 0x639310345d60 (0 bytes)
1740668439.426614 sending message 107 to peer 0x639310345d60 (4 bytes)
1740668439.426616 sending message 105 to peer 0x639310345d60 (20 bytes)
1740668439.426618 sending message 105 to peer 0x639310345d60 (20 bytes)
1740668439.426620 sending message 105 to peer 0x639310345d60 (54 bytes)
1740668439.426621 sending message 105 to peer 0x639310345d60 (50 bytes)
1740668439.426623 sending message 105 to peer 0x639310345d60 (11 bytes)
1740668439.426625 sending message 105 to peer 0x639310345d60 (24 bytes)
1740668439.426627 sending message 105 to peer 0x639310345d60 (56 bytes)
1740668439.426628 sending message 105 to peer 0x639310345d60 (33 bytes)
1740668439.426630 sending message 105 to peer 0x639310345d60 (64 bytes)
1740668439.426632 sending message 105 to peer 0x639310345d60 (16 bytes)
1740668439.426636 sending message 105 to peer 0x639310345d60 (31 bytes)
1740668439.426638 sending message 105 to peer 0x639310345d60 (91 bytes)
1740668439.426640 sending message 105 to peer 0x639310345d60 (38 bytes)
1740668439.426641 sending message 105 to peer 0x639310345d60 (15 bytes)
1740668439.426643 sending message 105 to peer 0x639310345d60 (60 bytes)
1740668439.426645 sending message 105 to peer 0x639310345d60 (18 bytes)
1740668439.426646 sending message 105 to peer 0x639310345d60 (17 bytes)
1740668439.426648 sending message 105 to peer 0x639310345d60 (8 bytes)
1740668439.426650 sending message 105 to peer 0x639310345d60 (13 bytes)
1740668439.426652 sending message 105 to peer 0x639310345d60 (32 bytes)
1740668439.426653 sending message 105 to peer 0x639310345d60 (1905 bytes)
1740668439.426661 sending message 105 to peer 0x639310345d60 (26 bytes)
1740668439.426663 sending message 105 to peer 0x639310345d60 (15 bytes)
1740668439.426665 sending message 105 to peer 0x639310345d60 (21 bytes)
1740668439.426667 sending message 105 to peer 0x639310345d60 (27 bytes)
1740668439.426669 sending message 105 to peer 0x639310345d60 (26 bytes)
1740668439.426670 sending message 105 to peer 0x639310345d60 (11 bytes)
1740668439.426672 sending message 105 to peer 0x639310345d60 (314 bytes)
1740668439.426674 sending message 105 to peer 0x639310345d60 (35 bytes)
1740668439.426676 sending message 105 to peer 0x639310345d60 (27 bytes)
1740668439.426677 sending message 105 to peer 0x639310345d60 (19 bytes)
1740668439.426679 sending message 105 to peer 0x639310345d60 (8 bytes)
1740668439.426681 sending message 105 to peer 0x639310345d60 (38 bytes)
1740668439.426682 sending message 105 to peer 0x639310345d60 (19 bytes)
1740668439.426684 sending message 105 to peer 0x639310345d60 (19 bytes)
1740668439.426686 sending message 105 to peer 0x639310345d60 (33 bytes)
1740668439.426688 sending message 105 to peer 0x639310345d60 (18 bytes)
1740668439.426689 sending message 105 to peer 0x639310345d60 (26 bytes)
1740668439.426691 sending message 105 to peer 0x639310345d60 (36 bytes)
1740668439.426693 sending message 105 to peer 0x639310345d60 (13 bytes)
1740668439.426694 sending message 105 to peer 0x639310345d60 (58 bytes)
1740668439.426696 sending message 105 to peer 0x639310345d60 (10 bytes)
1740668439.426698 sending message 105 to peer 0x639310345d60 (26 bytes)
1740668439.426699 sending message 105 to peer 0x639310345d60 (20 bytes)
1740668439.426701 sending message 105 to peer 0x639310345d60 (29 bytes)
1740668439.426703 sending message 105 to peer 0x639310345d60 (119 bytes)
1740668439.426705 sending message 105 to peer 0x639310345d60 (31 bytes)
1740668439.426706 sending message 105 to peer 0x639310345d60 (15 bytes)
1740668439.426708 sending message 105 to peer 0x639310345d60 (17 bytes)
1740668439.426710 sending message 105 to peer 0x639310345d60 (25 bytes)
1740668439.426711 sending message 105 to peer 0x639310345d60 (11 bytes)
1740668439.426713 sending message 105 to peer 0x639310345d60 (26 bytes)
1740668439.426715 sending message 105 to peer 0x639310345d60 (16 bytes)
1740668439.426716 sending message 105 to peer 0x639310345d60 (30 bytes)
1740668439.426718 sending message 105 to peer 0x639310345d60 (10 bytes)
1740668439.426720 sending message 105 to peer 0x639310345d60 (13 bytes)
1740668439.426721 sending message 105 to peer 0x639310345d60 (10 bytes)
1740668439.426723 sending message 105 to peer 0x639310345d60 (9 bytes)
1740668439.426725 sending message 105 to peer 0x639310345d60 (12 bytes)
1740668439.426726 sending message 105 to peer 0x639310345d60 (14 bytes)
1740668439.426728 sending message 105 to peer 0x639310345d60 (16 bytes)
1740668439.426730 sending message 105 to peer 0x639310345d60 (19 bytes)
1740668439.426731 sending message 105 to peer 0x639310345d60 (23 bytes)
1740668439.426733 sending message 106 to peer 0x639310345d60 (0 bytes)
1740668439.426763 cmd_pack_argv: argv[0]=source
1740668439.426765 cmd_pack_argv: argv[1]=/home/john/.config/tmux/tmux.conf
1740668439.426766 sending message 200 to peer 0x639310345d60 (45 bytes)
1740668439.426770 client loop enter
1740668439.428150 peer 0x639310345d60 message 300
1740668439.428154 open read file 8 /home/john/.config/tmux/tmux.conf
1740668439.428164 read 765 from file 8
1740668439.428166 sending message 301 to peer 0x639310345d60 (769 bytes)
1740668439.428172 read error file 8
1740668439.428174 sending message 302 to peer 0x639310345d60 (8 bytes)
1740668439.795114 peer 0x639310345d60 message 303
1740668439.795128 open write file 1 -
1740668439.795133 sending message 305 to peer 0x639310345d60 (8 bytes)
1740668439.795143 write check file 1
1740668439.795194 peer 0x639310345d60 message 304
1740668439.795195 write 37 to file 1
1740668439.795198 peer 0x639310345d60 message 203
1740668439.795199 file 1 37 bytes left
1740668439.795208 write check file 1
1740668439.795210 client loop exit
